[debug] [2021-01-19T11:06:23.131Z] ----------------------------------------------------------------------
[debug] [2021-01-19T11:06:23.134Z] Command:       C:\Program Files\nodejs\node.exe C:\Users\bodig\AppData\Roaming\npm\node_modules\firebase-tools\lib\bin\firebase.js init
[debug] [2021-01-19T11:06:23.135Z] CLI Version:   9.2.1
[debug] [2021-01-19T11:06:23.135Z] Platform:      win32
[debug] [2021-01-19T11:06:23.135Z] Node Version:  v12.18.2
[debug] [2021-01-19T11:06:23.137Z] Time:          Tue Jan 19 2021 16:36:23 GMT+0530 (India Standard Time)
[debug] [2021-01-19T11:06:23.137Z] ----------------------------------------------------------------------
[debug] [2021-01-19T11:06:23.137Z] 
[debug] [2021-01-19T11:06:23.147Z] > command requires scopes: ["email","openid","https://www.googleapis.com/auth/cloudplatformprojects.readonly","https://www.googleapis.com/auth/firebase","https://www.googleapis.com/auth/cloud-platform"]
[debug] [2021-01-19T11:06:23.148Z] > authorizing via signed-in user
[info] 
     ######## #### ########  ######## ########     ###     ######  ########
     ##        ##  ##     ## ##       ##     ##  ##   ##  ##       ##
     ######    ##  ########  ######   ########  #########  ######  ######
     ##        ##  ##    ##  ##       ##     ## ##     ##       ## ##
     ##       #### ##     ## ######## ########  ##     ##  ######  ########

You're about to initialize a Firebase project in this directory:

  D:\millan\my-dream-app

[info] 
=== Project Setup
[info] 
[info] First, let's associate this project directory with a Firebase project.
[info] You can create multiple project aliases by running firebase use --add, 
[info] but for now we'll just set up a default project.
[info] 
[debug] [2021-01-19T11:06:29.507Z] >>> [apiv2][query] GET https://firebase.googleapis.com/v1beta1/projects pageSize=100
[debug] [2021-01-19T11:06:30.501Z] <<< [apiv2][status] GET https://firebase.googleapis.com/v1beta1/projects 200
[debug] [2021-01-19T11:06:30.502Z] <<< [apiv2][body] GET https://firebase.googleapis.com/v1beta1/projects [omitted]
[info] i  Using project budget-calculator-8d7f0 (budget-calculator) 
[info] 
=== Hosting Setup
[info] 
[info] Your public directory is the folder (relative to your project directory) that
[info] will contain Hosting assets to be uploaded with firebase deploy. If you
[info] have a build process for your assets, use your build's output directory.
[info] 
[debug] [2021-01-19T11:06:55.377Z] ----------------------------------------------------------------------
[debug] [2021-01-19T11:06:55.380Z] Command:       C:\Program Files\nodejs\node.exe C:\Users\bodig\AppData\Roaming\npm\node_modules\firebase-tools\lib\bin\firebase.js init
[debug] [2021-01-19T11:06:55.380Z] CLI Version:   9.2.1
[debug] [2021-01-19T11:06:55.380Z] Platform:      win32
[debug] [2021-01-19T11:06:55.381Z] Node Version:  v12.18.2
[debug] [2021-01-19T11:06:55.383Z] Time:          Tue Jan 19 2021 16:36:55 GMT+0530 (India Standard Time)
[debug] [2021-01-19T11:06:55.383Z] ----------------------------------------------------------------------
[debug] [2021-01-19T11:06:55.383Z] 
[debug] [2021-01-19T11:06:55.392Z] > command requires scopes: ["email","openid","https://www.googleapis.com/auth/cloudplatformprojects.readonly","https://www.googleapis.com/auth/firebase","https://www.googleapis.com/auth/cloud-platform"]
[debug] [2021-01-19T11:06:55.393Z] > authorizing via signed-in user
[info] 
     ######## #### ########  ######## ########     ###     ######  ########
     ##        ##  ##     ## ##       ##     ##  ##   ##  ##       ##
     ######    ##  ########  ######   ########  #########  ######  ######
     ##        ##  ##    ##  ##       ##     ## ##     ##       ## ##
     ##       #### ##     ## ######## ########  ##     ##  ######  ########

You're about to initialize a Firebase project in this directory:

  D:\millan\my-dream-app

[info] 
=== Project Setup
[info] 
[info] First, let's associate this project directory with a Firebase project.
[info] You can create multiple project aliases by running firebase use --add, 
[info] but for now we'll just set up a default project.
[info] 
[debug] [2021-01-19T11:07:02.616Z] >>> [apiv2][query] GET https://firebase.googleapis.com/v1beta1/projects pageSize=100
[debug] [2021-01-19T11:07:03.422Z] <<< [apiv2][status] GET https://firebase.googleapis.com/v1beta1/projects 200
[debug] [2021-01-19T11:07:03.423Z] <<< [apiv2][body] GET https://firebase.googleapis.com/v1beta1/projects [omitted]
[info] i  Using project todo-list-1aace (Todo List) 
[info] 
=== Hosting Setup
[info] 
[info] Your public directory is the folder (relative to your project directory) that
[info] will contain Hosting assets to be uploaded with firebase deploy. If you
[info] have a build process for your assets, use your build's output directory.
[info] 
[debug] [2021-01-19T11:07:21.378Z] >>> [apiv2][query] GET https://www.gstatic.com/firebasejs/releases.json [none]
[debug] [2021-01-19T11:07:21.639Z] <<< [apiv2][status] GET https://www.gstatic.com/firebasejs/releases.json 200
[debug] [2021-01-19T11:07:21.639Z] <<< [apiv2][body] GET https://www.gstatic.com/firebasejs/releases.json {"current":{"version":"8.2.3","browserURL":"https://www.gstatic.com/firebasejs/8.2.3/firebase.js","packageURL":"https://www.gstatic.com/firebasejs/8.2.3/firebase.tgz"},"live":{"version":"8.2","browserURL":"https://www.gstatic.com/firebasejs/live/8.2/firebase.js","packageURL":"https://www.gstatic.com/firebasejs/live/8.2/firebase.tgz"},"components":{"analytics":"https://www.gstatic.com/firebasejs/8.2.3/firebase-analytics.js","app":"https://www.gstatic.com/firebasejs/8.2.3/firebase-app.js","auth":"https://www.gstatic.com/firebasejs/8.2.3/firebase-auth.js","database":"https://www.gstatic.com/firebasejs/8.2.3/firebase-database.js","firestore":"https://www.gstatic.com/firebasejs/8.2.3/firebase-firestore.js","functions":"https://www.gstatic.com/firebasejs/8.2.3/firebase-functions.js","installations":"https://www.gstatic.com/firebasejs/8.2.3/firebase-installations.js","messaging":"https://www.gstatic.com/firebasejs/8.2.3/firebase-messaging.js","storage":"https://www.gstatic.com/firebasejs/8.2.3/firebase-storage.js","performance":"https://www.gstatic.com/firebasejs/8.2.3/firebase-performance.js","remote-config":"https://www.gstatic.com/firebasejs/8.2.3/firebase-remote-config.js","firestore.memory":"https://www.gstatic.com/firebasejs/8.2.3/firebase-firestore.memory.js"}}
[info] +  Wrote public/index.html 
[info] 
[info] i  Didn't detect a .git folder. Assuming D:\millan\my-dream-app is the project root. 
[info] i  Authorizing with GitHub to upload your service account to a GitHub repository's secrets store. 
[info] 
[info] Visit this URL on this device to log in:
[info] https://github.com/login/oauth/authorize?client_id=89cf50f02ac6aaed3484&state=384656864&redirect_uri=http%3A%2F%2Flocalhost%3A9005&scope=read%3Auser%20repo%20public_repo
[info] 
[info] Waiting for authentication...
[debug] [2021-01-19T11:08:06.002Z] >>> HTTP REQUEST POST https://github.com/login/oauth/access_token  
 {"client_id":"89cf50f02ac6aaed3484","client_secret":"3330d14abc895d9a74d5f17cd7a00711fa2c5bf0","code":"0eea40f11293a234fb28","redirect_uri":"http://localhost:9005","state":"384656864"}
[debug] [2021-01-19T11:08:06.655Z] <<< HTTP RESPONSE 200 {"date":"Tue, 19 Jan 2021 11:08:06 GMT","content-type":"application/json; charset=utf-8","transfer-encoding":"chunked","server":"GitHub.com","status":"200 OK","vary":"X-PJAX, Accept-Encoding, Accept, X-Requested-With, Accept-Encoding","etag":"W/\"75c56ef15408e516552d6f819e57a374\"","cache-control":"max-age=0, private, must-revalidate","strict-transport-security":"max-age=31536000; includeSubdomains; preload","x-frame-options":"deny","x-content-type-options":"nosniff","x-xss-protection":"1; mode=block","referrer-policy":"origin-when-cross-origin, strict-origin-when-cross-origin","expect-ct":"max-age=2592000, report-uri=\"https://api.github.com/_private/browser/errors\"","content-security-policy":"default-src 'none'; base-uri 'self'; block-all-mixed-content; connect-src 'self' uploads.github.com www.githubstatus.com collector.githubapp.com api.github.com github-cloud.s3.amazonaws.com github-production-repository-file-5c1aeb.s3.amazonaws.com github-production-upload-manifest-file-7fdce7.s3.amazonaws.com github-production-user-asset-6210df.s3.amazonaws.com cdn.optimizely.com logx.optimizely.com/v1/events wss://alive.github.com; font-src github.githubassets.com; form-action 'self' github.com gist.github.com; frame-ancestors 'none'; frame-src render.githubusercontent.com; img-src 'self' data: github.githubassets.com identicons.github.com collector.githubapp.com github-cloud.s3.amazonaws.com *.githubusercontent.com; manifest-src 'self'; media-src 'none'; script-src github.githubassets.com; style-src 'unsafe-inline' github.githubassets.com; worker-src github.com/socket-worker-5029ae85.js gist.github.com/socket-worker-5029ae85.js","x-github-request-id":"2BCC:73DB:1F654C:27E289:6006BD96"}
[debug] [2021-01-19T11:08:06.656Z] >>> [apiv2][query] GET https://api.github.com/user [none]
[debug] [2021-01-19T11:08:07.413Z] <<< [apiv2][status] GET https://api.github.com/user 200
[debug] [2021-01-19T11:08:07.413Z] <<< [apiv2][body] GET https://api.github.com/user {"login":"akhil264","id":68636018,"node_id":"MDQ6VXNlcjY4NjM2MDE4","avatar_url":"https://avatars0.githubusercontent.com/u/68636018?v=4","gravatar_id":"","url":"https://api.github.com/users/akhil264","html_url":"https://github.com/akhil264","followers_url":"https://api.github.com/users/akhil264/followers","following_url":"https://api.github.com/users/akhil264/following{/other_user}","gists_url":"https://api.github.com/users/akhil264/gists{/gist_id}","starred_url":"https://api.github.com/users/akhil264/starred{/owner}{/repo}","subscriptions_url":"https://api.github.com/users/akhil264/subscriptions","organizations_url":"https://api.github.com/users/akhil264/orgs","repos_url":"https://api.github.com/users/akhil264/repos","events_url":"https://api.github.com/users/akhil264/events{/privacy}","received_events_url":"https://api.github.com/users/akhil264/received_events","type":"User","site_admin":false,"name":null,"company":null,"blog":"","location":null,"email":null,"hireable":null,"bio":null,"twitter_username":null,"public_repos":3,"public_gists":0,"followers":0,"following":0,"created_at":"2020-07-22T07:45:50Z","updated_at":"2021-01-19T11:07:28Z","private_gists":0,"total_private_repos":0,"owned_private_repos":0,"disk_usage":7108,"collaborators":0,"two_factor_authentication":false,"plan":{"name":"free","space":976562499,"collaborators":0,"private_repos":10000}}
[info] 
[info] +  Success! Logged into GitHub as akhil264 
[info] 
[debug] [2021-01-19T11:08:49.915Z] >>> [apiv2][query] GET https://api.github.com/repos/user/actions/secrets/public-key type=owner
[debug] [2021-01-19T11:08:50.591Z] <<< [apiv2][status] GET https://api.github.com/repos/user/actions/secrets/public-key 404
[debug] [2021-01-19T11:08:50.591Z] <<< [apiv2][body] GET https://api.github.com/repos/user/actions/secrets/public-key {"message":"Not Found","documentation_url":"https://docs.github.com/rest"}
[debug] [2021-01-19T11:08:56.030Z] >>> [apiv2][query] GET https://api.github.com/repos//actions/secrets/public-key type=owner
[debug] [2021-01-19T11:08:56.785Z] <<< [apiv2][status] GET https://api.github.com/repos//actions/secrets/public-key 404
[debug] [2021-01-19T11:08:56.785Z] <<< [apiv2][body] GET https://api.github.com/repos//actions/secrets/public-key {"message":"Not Found","documentation_url":"https://docs.github.com/rest"}
[debug] [2021-01-19T11:09:08.300Z] >>> [apiv2][query] GET https://api.github.com/repos//actions/secrets/public-key type=owner
[debug] [2021-01-19T11:09:08.502Z] >>> [apiv2][query] GET https://api.github.com/repos//actions/secrets/public-key type=owner
[debug] [2021-01-19T11:09:08.847Z] <<< [apiv2][status] GET https://api.github.com/repos//actions/secrets/public-key 404
[debug] [2021-01-19T11:09:08.847Z] <<< [apiv2][body] GET https://api.github.com/repos//actions/secrets/public-key {"message":"Not Found","documentation_url":"https://docs.github.com/rest"}
[debug] [2021-01-19T11:09:08.985Z] <<< [apiv2][status] GET https://api.github.com/repos//actions/secrets/public-key 404
[debug] [2021-01-19T11:09:08.985Z] <<< [apiv2][body] GET https://api.github.com/repos//actions/secrets/public-key {"message":"Not Found","documentation_url":"https://docs.github.com/rest"}
[debug] [2021-01-19T11:10:01.007Z] >>> [apiv2][query] GET https://api.github.com/repos/repository/actions/secrets/public-key type=owner
[debug] [2021-01-19T11:10:02.612Z] <<< [apiv2][status] GET https://api.github.com/repos/repository/actions/secrets/public-key 404
[debug] [2021-01-19T11:10:02.612Z] <<< [apiv2][body] GET https://api.github.com/repos/repository/actions/secrets/public-key {"message":"Not Found","documentation_url":"https://docs.github.com/rest"}
[debug] [2021-01-19T11:10:02.697Z] >>> [apiv2][query] GET https://api.github.com/repos//actions/secrets/public-key type=owner
[debug] [2021-01-19T11:10:03.259Z] <<< [apiv2][status] GET https://api.github.com/repos//actions/secrets/public-key 404
[debug] [2021-01-19T11:10:03.260Z] <<< [apiv2][body] GET https://api.github.com/repos//actions/secrets/public-key {"message":"Not Found","documentation_url":"https://docs.github.com/rest"}
[debug] [2021-01-19T11:11:56.813Z] >>> [apiv2][query] GET https://api.github.com/repos/ng build --prod/actions/secrets/public-key type=owner
[debug] [2021-01-19T11:11:57.811Z] <<< [apiv2][status] GET https://api.github.com/repos/ng build --prod/actions/secrets/public-key 404
[debug] [2021-01-19T11:11:57.811Z] <<< [apiv2][body] GET https://api.github.com/repos/ng build --prod/actions/secrets/public-key {"message":"Not Found","documentation_url":"https://docs.github.com/rest"}
[debug] [2021-01-19T11:12:39.176Z] ----------------------------------------------------------------------
[debug] [2021-01-19T11:12:39.179Z] Command:       C:\Program Files\nodejs\node.exe C:\Users\bodig\AppData\Roaming\npm\node_modules\firebase-tools\lib\bin\firebase.js init
[debug] [2021-01-19T11:12:39.179Z] CLI Version:   9.2.1
[debug] [2021-01-19T11:12:39.179Z] Platform:      win32
[debug] [2021-01-19T11:12:39.180Z] Node Version:  v12.18.2
[debug] [2021-01-19T11:12:39.182Z] Time:          Tue Jan 19 2021 16:42:39 GMT+0530 (India Standard Time)
[debug] [2021-01-19T11:12:39.182Z] ----------------------------------------------------------------------
[debug] [2021-01-19T11:12:39.182Z] 
[debug] [2021-01-19T11:12:39.195Z] > command requires scopes: ["email","openid","https://www.googleapis.com/auth/cloudplatformprojects.readonly","https://www.googleapis.com/auth/firebase","https://www.googleapis.com/auth/cloud-platform"]
[debug] [2021-01-19T11:12:39.196Z] > authorizing via signed-in user
[info] 
     ######## #### ########  ######## ########     ###     ######  ########
     ##        ##  ##     ## ##       ##     ##  ##   ##  ##       ##
     ######    ##  ########  ######   ########  #########  ######  ######
     ##        ##  ##    ##  ##       ##     ## ##     ##       ## ##
     ##       #### ##     ## ######## ########  ##     ##  ######  ########

You're about to initialize a Firebase project in this directory:

  D:\millan\my-dream-app

[info] 
=== Project Setup
[info] 
[info] First, let's associate this project directory with a Firebase project.
[info] You can create multiple project aliases by running firebase use --add, 
[info] but for now we'll just set up a default project.
[info] 
[debug] [2021-01-19T11:13:16.399Z] >>> [apiv2][query] GET https://firebase.googleapis.com/v1beta1/projects pageSize=100
[debug] [2021-01-19T11:13:17.514Z] <<< [apiv2][status] GET https://firebase.googleapis.com/v1beta1/projects 200
[debug] [2021-01-19T11:13:17.514Z] <<< [apiv2][body] GET https://firebase.googleapis.com/v1beta1/projects [omitted]
[info] i  Using project todo-list-1aace (Todo List) 
[info] 
=== Hosting Setup
[info] 
[info] Your public directory is the folder (relative to your project directory) that
[info] will contain Hosting assets to be uploaded with firebase deploy. If you
[info] have a build process for your assets, use your build's output directory.
[info] 
[debug] [2021-01-19T11:13:37.945Z] >>> [apiv2][query] GET https://www.gstatic.com/firebasejs/releases.json [none]
[debug] [2021-01-19T11:13:38.284Z] <<< [apiv2][status] GET https://www.gstatic.com/firebasejs/releases.json 200
[debug] [2021-01-19T11:13:38.285Z] <<< [apiv2][body] GET https://www.gstatic.com/firebasejs/releases.json {"current":{"version":"8.2.3","browserURL":"https://www.gstatic.com/firebasejs/8.2.3/firebase.js","packageURL":"https://www.gstatic.com/firebasejs/8.2.3/firebase.tgz"},"live":{"version":"8.2","browserURL":"https://www.gstatic.com/firebasejs/live/8.2/firebase.js","packageURL":"https://www.gstatic.com/firebasejs/live/8.2/firebase.tgz"},"components":{"analytics":"https://www.gstatic.com/firebasejs/8.2.3/firebase-analytics.js","app":"https://www.gstatic.com/firebasejs/8.2.3/firebase-app.js","auth":"https://www.gstatic.com/firebasejs/8.2.3/firebase-auth.js","database":"https://www.gstatic.com/firebasejs/8.2.3/firebase-database.js","firestore":"https://www.gstatic.com/firebasejs/8.2.3/firebase-firestore.js","functions":"https://www.gstatic.com/firebasejs/8.2.3/firebase-functions.js","installations":"https://www.gstatic.com/firebasejs/8.2.3/firebase-installations.js","messaging":"https://www.gstatic.com/firebasejs/8.2.3/firebase-messaging.js","storage":"https://www.gstatic.com/firebasejs/8.2.3/firebase-storage.js","performance":"https://www.gstatic.com/firebasejs/8.2.3/firebase-performance.js","remote-config":"https://www.gstatic.com/firebasejs/8.2.3/firebase-remote-config.js","firestore.memory":"https://www.gstatic.com/firebasejs/8.2.3/firebase-firestore.memory.js"}}
[info] +  Wrote public/index.html 
[info] 
[info] i  Didn't detect a .git folder. Assuming D:\millan\my-dream-app is the project root. 
[info] i  Authorizing with GitHub to upload your service account to a GitHub repository's secrets store. 
[info] 
[info] Visit this URL on this device to log in:
[info] https://github.com/login/oauth/authorize?client_id=89cf50f02ac6aaed3484&state=307227991&redirect_uri=http%3A%2F%2Flocalhost%3A9005&scope=read%3Auser%20repo%20public_repo
[info] 
[info] Waiting for authentication...
[debug] [2021-01-19T11:13:43.744Z] >>> HTTP REQUEST POST https://github.com/login/oauth/access_token  
 {"client_id":"89cf50f02ac6aaed3484","client_secret":"3330d14abc895d9a74d5f17cd7a00711fa2c5bf0","code":"740df1b5eae73f7765bb","redirect_uri":"http://localhost:9005","state":"307227991"}
[debug] [2021-01-19T11:13:44.391Z] <<< HTTP RESPONSE 200 {"date":"Tue, 19 Jan 2021 11:13:44 GMT","content-type":"application/json; charset=utf-8","transfer-encoding":"chunked","server":"GitHub.com","status":"200 OK","vary":"X-PJAX, Accept-Encoding, Accept, X-Requested-With, Accept-Encoding","etag":"W/\"8b81eb74dcc59114138e3dec0877db46\"","cache-control":"max-age=0, private, must-revalidate","strict-transport-security":"max-age=31536000; includeSubdomains; preload","x-frame-options":"deny","x-content-type-options":"nosniff","x-xss-protection":"1; mode=block","referrer-policy":"origin-when-cross-origin, strict-origin-when-cross-origin","expect-ct":"max-age=2592000, report-uri=\"https://api.github.com/_private/browser/errors\"","content-security-policy":"default-src 'none'; base-uri 'self'; block-all-mixed-content; connect-src 'self' uploads.github.com www.githubstatus.com collector.githubapp.com api.github.com github-cloud.s3.amazonaws.com github-production-repository-file-5c1aeb.s3.amazonaws.com github-production-upload-manifest-file-7fdce7.s3.amazonaws.com github-production-user-asset-6210df.s3.amazonaws.com cdn.optimizely.com logx.optimizely.com/v1/events wss://alive.github.com; font-src github.githubassets.com; form-action 'self' github.com gist.github.com; frame-ancestors 'none'; frame-src render.githubusercontent.com; img-src 'self' data: github.githubassets.com identicons.github.com collector.githubapp.com github-cloud.s3.amazonaws.com *.githubusercontent.com; manifest-src 'self'; media-src 'none'; script-src github.githubassets.com; style-src 'unsafe-inline' github.githubassets.com; worker-src github.com/socket-worker-5029ae85.js gist.github.com/socket-worker-5029ae85.js","x-github-request-id":"DD6A:5ECD:1F40E6:27986B:6006BEE7"}
[debug] [2021-01-19T11:13:44.392Z] >>> [apiv2][query] GET https://api.github.com/user [none]
[debug] [2021-01-19T11:13:45.133Z] <<< [apiv2][status] GET https://api.github.com/user 200
[debug] [2021-01-19T11:13:45.133Z] <<< [apiv2][body] GET https://api.github.com/user {"login":"akhil264","id":68636018,"node_id":"MDQ6VXNlcjY4NjM2MDE4","avatar_url":"https://avatars0.githubusercontent.com/u/68636018?v=4","gravatar_id":"","url":"https://api.github.com/users/akhil264","html_url":"https://github.com/akhil264","followers_url":"https://api.github.com/users/akhil264/followers","following_url":"https://api.github.com/users/akhil264/following{/other_user}","gists_url":"https://api.github.com/users/akhil264/gists{/gist_id}","starred_url":"https://api.github.com/users/akhil264/starred{/owner}{/repo}","subscriptions_url":"https://api.github.com/users/akhil264/subscriptions","organizations_url":"https://api.github.com/users/akhil264/orgs","repos_url":"https://api.github.com/users/akhil264/repos","events_url":"https://api.github.com/users/akhil264/events{/privacy}","received_events_url":"https://api.github.com/users/akhil264/received_events","type":"User","site_admin":false,"name":null,"company":null,"blog":"","location":null,"email":null,"hireable":null,"bio":null,"twitter_username":null,"public_repos":3,"public_gists":0,"followers":0,"following":0,"created_at":"2020-07-22T07:45:50Z","updated_at":"2021-01-19T11:07:28Z","private_gists":0,"total_private_repos":0,"owned_private_repos":0,"disk_usage":7108,"collaborators":0,"two_factor_authentication":false,"plan":{"name":"free","space":976562499,"collaborators":0,"private_repos":10000}}
[info] 
[info] +  Success! Logged into GitHub as akhil264 
[info] 
[debug] [2021-01-19T11:15:15.318Z] >>> [apiv2][query] GET https://api.github.com/repos/akhil264/actions/secrets/public-key type=owner
[debug] [2021-01-19T11:15:15.892Z] <<< [apiv2][status] GET https://api.github.com/repos/akhil264/actions/secrets/public-key 404
[debug] [2021-01-19T11:15:15.892Z] <<< [apiv2][body] GET https://api.github.com/repos/akhil264/actions/secrets/public-key {"message":"Not Found","documentation_url":"https://docs.github.com/rest"}
